<?xml version="1.0" encoding="UTF-8"?>
<!-- Generated by org.testng.reporters.JUnitReportReporter -->
<testsuite hostname="QB-KRT-10694" failures="0" tests="3" name="testng.second" time="7.991" errors="0" timestamp="2023-05-08T10:54:27 IST" skipped="0">
  <testcase classname="testng.second" name="openApp" time="5.916"/>
  <system-out/>
  <testcase classname="testng.second" name="login" time="1.970"/>
  <system-out/>
  <testcase classname="testng.second" name="closeApp" time="0.105"/>
  <system-out/>
</testsuite> <!-- testng.second -->
