<?xml version="1.0" encoding="UTF-8"?>
<!-- Generated by org.testng.reporters.JUnitReportReporter -->
<testsuite hostname="QB-KRT-10694" failures="0" tests="3" name="testng.firstpgm" time="0.004" errors="0" timestamp="2023-05-08T10:54:27 IST" skipped="0">
  <testcase classname="testng.firstpgm" name="openapp" time="0.003"/>
  <system-out/>
  <testcase classname="testng.firstpgm" name="login" time="0.000"/>
  <system-out/>
  <testcase classname="testng.firstpgm" name="logout" time="0.001"/>
  <system-out/>
</testsuite> <!-- testng.firstpgm -->
