<?xml version="1.0" encoding="UTF-8"?>
<!-- Generated by org.testng.reporters.JUnitReportReporter -->
<testsuite hostname="QB-KRT-10694" failures="0" tests="3" name="testng.second" time="8.283" errors="0" timestamp="2023-05-10T14:18:00 IST" skipped="0">
  <testcase classname="testng.second" name="openApp" time="6.382"/>
  <system-out/>
  <testcase classname="testng.second" name="login" time="1.794"/>
  <system-out/>
  <testcase classname="testng.second" name="closeApp" time="0.107"/>
  <system-out/>
</testsuite> <!-- testng.second -->
