<?xml version="1.0" encoding="UTF-8"?>
<!-- Generated by org.testng.reporters.JUnitReportReporter -->
<testsuite hostname="QB-KRT-10694" failures="0" tests="3" name="testng.second" time="13.650" errors="0" timestamp="2023-05-10T14:19:04 IST" skipped="0">
  <testcase classname="testng.second" name="openApp" time="10.972"/>
  <system-out/>
  <testcase classname="testng.second" name="login" time="2.574"/>
  <system-out/>
  <testcase classname="testng.second" name="closeApp" time="0.104"/>
  <system-out/>
</testsuite> <!-- testng.second -->
