<?xml version="1.0" encoding="UTF-8"?>
<!-- Generated by org.testng.reporters.JUnitReportReporter -->
<testsuite hostname="QB-KRT-10694" failures="0" tests="3" name="testng.second" time="9.052" errors="0" timestamp="2023-05-08T14:54:53 IST" skipped="0">
  <testcase classname="testng.second" name="openApp" time="6.614"/>
  <system-out/>
  <testcase classname="testng.second" name="login" time="2.333"/>
  <system-out/>
  <testcase classname="testng.second" name="closeApp" time="0.105"/>
  <system-out/>
</testsuite> <!-- testng.second -->
